<?xml version="1.0" encoding="UTF-8"?>
<testng-results skipped="0" failed="0" total="2" passed="2">
  <reporter-output>
  </reporter-output>
  <suite name="Default suite" duration-ms="106" started-at="2018-07-25T23:15:31Z" finished-at="2018-07-25T23:15:31Z">
    <groups>
    </groups>
    <test name="Default test" duration-ms="106" started-at="2018-07-25T23:15:31Z" finished-at="2018-07-25T23:15:31Z">
      <class name="com.vicitritellacarmida.test.pattern.java8.ViciFactoryTest">
        <test-method status="PASS" signature="createHomeComputer()[pri:0, instance:com.vicitritellacarmida.test.pattern.java8.ViciFactoryTest@5700d6b1]" test-instance-name="" name="createHomeComputer" duration-ms="75" started-at="2018-07-26T06:15:31Z" finished-at="2018-07-26T06:15:31Z">
          <reporter-output>
          </reporter-output>
        </test-method> <!-- createHomeComputer -->
        <test-method status="PASS" signature="createServerComputerLambda()[pri:0, instance:com.vicitritellacarmida.test.pattern.java8.ViciFactoryTest@5700d6b1]" test-instance-name="" name="createServerComputerLambda" duration-ms="4" started-at="2018-07-26T06:15:31Z" finished-at="2018-07-26T06:15:31Z">
          <reporter-output>
          </reporter-output>
        </test-method> <!-- createServerComputerLambda -->
      </class> <!-- com.vicitritellacarmida.test.pattern.java8.ViciFactoryTest -->
    </test> <!-- Default test -->
  </suite> <!-- Default suite -->
</testng-results>
